<?xml version="1.0" encoding="UTF-8"?>
<!-- Generated by org.testng.reporters.JUnitReportReporter -->
<testsuite skipped="0" hostname="DESKTOP-0ND0816" name="scripts.FlipkartScripts" tests="2" failures="0" timestamp="27 May 2020 16:48:30 GMT" time="51.691" errors="0">
  <testcase name="homePageMenuList" time="15.525" classname="scripts.FlipkartScripts"/>
  <testcase name="closeHomePagePopUp" time="36.166" classname="scripts.FlipkartScripts"/>
</testsuite> <!-- scripts.FlipkartScripts -->
