<?xml version="1.0" encoding="UTF-8"?>
<!-- Generated by org.testng.reporters.JUnitReportReporter -->
<testsuite skipped="0" hostname="DESKTOP-0ND0816" name="scripts.FlipkartLogin" tests="1" failures="0" timestamp="27 May 2020 04:09:17 GMT" time="22.570" errors="0">
  <testcase name="f" time="22.570" classname="scripts.FlipkartLogin"/>
</testsuite> <!-- scripts.FlipkartLogin -->
